<?xml version="1.0" encoding="UTF-8"?>
<testsuite xmlns:xsi="http://www.w3.org/2001/XMLSchema-instance" xsi:noNamespaceSchemaLocation="https://maven.apache.org/surefire/maven-surefire-plugin/xsd/surefire-test-report.xsd" version="3.0.2" name="com.project.Breakiing_Bias.BreakiingBiasApplicationTests" time="4.674" tests="1" errors="0" skipped="0" failures="0" flakes="0">
  <properties>
[...]
</properties>
  <testcase name="contextLoads" classname="com.project.Breakiing_Bias.BreakiingBiasApplicationTests" time="0.399">
    <system-out><![CDATA[Standard Commons Logging discovery in action with spring-jcl: please remove commons-logging.jar from classpath in order to avoid potential conflicts
01:52:42.772 [main] INFO org.springframework.test.context.support.AnnotationConfigContextLoaderUtils -- Could not detect default configuration classes for test class [com.project.Breakiing_Bias.BreakiingBiasApplicationTests]: BreakiingBiasApplicationTests does not declare any static, non-private, non-final, nested classes annotated with @Configuration.
01:52:42.880 [main] INFO org.springframework.boot.test.context.SpringBootTestContextBootstrapper -- Found @SpringBootConfiguration com.project.Breakiing_Bias.BreakingBiasApplication for test class com.project.Breakiing_Bias.BreakiingBiasApplicationTests

  .   ____          _            __ _ _
 /\\ / ___'_ __ _ _(_)_ __  __ _ \ \ \ \
( ( )\___ | '_ | '_| | '_ \/ _` | \ \ \ \
 \\/  ___)| |_)| | | | | || (_| |  ) ) ) )
  '  |____| .__|_| |_|_| |_\__, | / / / /
 =========|_|==============|___/=/_/_/_/

 :: Spring Boot ::               (v3.5.13)

2026-05-12T01:52:43.184+05:30  WARN 45266 --- [Breaking_Bias] [           main] ory$DuplicateJsonObjectContextCustomizer : 

Found multiple occurrences of org.json.JSONObject on the class path:

	jar:file:/home/vivek-tikkiwal/.m2/repository/org/json/json/20240303/json-20240303.jar!/org/json/JSONObject.class
	jar:file:/home/vivek-tikkiwal/.m2/repository/com/vaadin/external/google/android-json/0.0.20131108.vaadin1/android-json-0.0.20131108.vaadin1.jar!/org/json/JSONObject.class

You may wish to exclude one of them to ensure predictable runtime behavior

2026-05-12T01:52:43.199+05:30  INFO 45266 --- [Breaking_Bias] [           main] c.p.B.BreakiingBiasApplicationTests      : Starting BreakiingBiasApplicationTests using Java 23.0.1 with PID 45266 (started by vivek-tikkiwal in /home/vivek-tikkiwal/Desktop/Project/Backend/Breakiing_Bias)
2026-05-12T01:52:43.200+05:30  INFO 45266 --- [Breaking_Bias] [           main] c.p.B.BreakiingBiasApplicationTests      : No active profile set, falling back to 1 default profile: "default"
2026-05-12T01:52:43.851+05:30  INFO 45266 --- [Breaking_Bias] [           main] .s.d.r.c.RepositoryConfigurationDelegate : Bootstrapping Spring Data JPA repositories in DEFAULT mode.
2026-05-12T01:52:43.957+05:30  INFO 45266 --- [Breaking_Bias] [           main] .s.d.r.c.RepositoryConfigurationDelegate : Finished Spring Data repository scanning in 97 ms. Found 1 JPA repository interface.
2026-05-12T01:52:44.396+05:30  INFO 45266 --- [Breaking_Bias] [           main] o.hibernate.jpa.internal.util.LogHelper  : HHH000204: Processing PersistenceUnitInfo [name: default]
2026-05-12T01:52:44.435+05:30  INFO 45266 --- [Breaking_Bias] [           main] org.hibernate.Version                    : HHH000412: Hibernate ORM core version 6.6.45.Final
2026-05-12T01:52:44.464+05:30  INFO 45266 --- [Breaking_Bias] [           main] o.h.c.internal.RegionFactoryInitiator    : HHH000026: Second-level cache disabled
2026-05-12T01:52:44.678+05:30  INFO 45266 --- [Breaking_Bias] [           main] o.s.o.j.p.SpringPersistenceUnitInfo      : No LoadTimeWeaver setup: ignoring JPA class transformer
2026-05-12T01:52:44.701+05:30  INFO 45266 --- [Breaking_Bias] [           main] com.zaxxer.hikari.HikariDataSource       : HikariPool-1 - Starting...
2026-05-12T01:52:45.024+05:30  INFO 45266 --- [Breaking_Bias] [           main] com.zaxxer.hikari.pool.HikariPool        : HikariPool-1 - Added connection org.postgresql.jdbc.PgConnection@5d74507c
2026-05-12T01:52:45.025+05:30  INFO 45266 --- [Breaking_Bias] [           main] com.zaxxer.hikari.HikariDataSource       : HikariPool-1 - Start completed.
2026-05-12T01:52:45.050+05:30  WARN 45266 --- [Breaking_Bias] [           main] org.hibernate.orm.deprecation            : HHH90000025: PostgreSQLDialect does not need to be specified explicitly using 'hibernate.dialect' (remove the property setting and it will be selected by default)
2026-05-12T01:52:45.070+05:30  INFO 45266 --- [Breaking_Bias] [           main] org.hibernate.orm.connections.pooling    : HHH10001005: Database info:
	Database JDBC URL [Connecting through datasource 'HikariDataSource (HikariPool-1)']
	Database driver: undefined/unknown
	Database version: 18.3
	Autocommit mode: undefined/unknown
	Isolation level: undefined/unknown
	Minimum pool size: undefined/unknown
	Maximum pool size: undefined/unknown
2026-05-12T01:52:45.706+05:30  INFO 45266 --- [Breaking_Bias] [           main] o.h.e.t.j.p.i.JtaPlatformInitiator       : HHH000489: No JTA platform available (set 'hibernate.transaction.jta.platform' to enable JTA platform integration)
2026-05-12T01:52:45.739+05:30  INFO 45266 --- [Breaking_Bias] [           main] j.LocalContainerEntityManagerFactoryBean : Initialized JPA EntityManagerFactory for persistence unit 'default'
2026-05-12T01:52:46.248+05:30  INFO 45266 --- [Breaking_Bias] [           main] eAuthenticationProviderManagerConfigurer : Global AuthenticationManager configured with AuthenticationProvider bean with name authenticationProvider
2026-05-12T01:52:46.249+05:30  WARN 45266 --- [Breaking_Bias] [           main] r$InitializeUserDetailsManagerConfigurer : Global AuthenticationManager configured with an AuthenticationProvider bean. UserDetailsService beans will not be used by Spring Security for automatically configuring username/password login. Consider removing the AuthenticationProvider bean. Alternatively, consider using the UserDetailsService in a manually instantiated DaoAuthenticationProvider. If the current configuration is intentional, to turn off this warning, increase the logging level of 'org.springframework.security.config.annotation.authentication.configuration.InitializeUserDetailsBeanManagerConfigurer' to ERROR
2026-05-12T01:52:46.280+05:30  WARN 45266 --- [Breaking_Bias] [           main] JpaBaseConfiguration$JpaWebConfiguration : spring.jpa.open-in-view is enabled by default. Therefore, database queries may be performed during view rendering. Explicitly configure spring.jpa.open-in-view to disable this warning
2026-05-12T01:52:46.896+05:30  INFO 45266 --- [Breaking_Bias] [           main] c.p.B.BreakiingBiasApplicationTests      : Started BreakiingBiasApplicationTests in 3.904 seconds (process running for 4.724)
]]></system-out>
    <system-err><![CDATA[Mockito is currently self-attaching to enable the inline-mock-maker. This will no longer work in future releases of the JDK. Please add Mockito as an agent to your build as described in Mockito's documentation: https://javadoc.io/doc/org.mockito/mockito-core/latest/org.mockito/org/mockito/Mockito.html#0.3
WARNING: A Java agent has been loaded dynamically (/home/vivek-tikkiwal/.m2/repository/net/bytebuddy/byte-buddy-agent/1.17.8/byte-buddy-agent-1.17.8.jar)
WARNING: If a serviceability tool is in use, please run with -XX:+EnableDynamicAgentLoading to hide this warning
WARNING: If a serviceability tool is not in use, please run with -Djdk.instrument.traceUsage for more information
WARNING: Dynamic loading of agents will be disallowed by default in a future release
]]></system-err>
  </testcase>
</testsuite>